Determining if the pthread_create exist failed with the following output:
Change Dir: /home/lscm/InvestHKRobot_ROS/build/CMakeFiles/CMakeTmp

Run Build Command:"/usr/bin/make" "cmTC_150eb/fast"
/usr/bin/make -f CMakeFiles/cmTC_150eb.dir/build.make CMakeFiles/cmTC_150eb.dir/build
make[1]: Entering directory '/home/lscm/InvestHKRobot_ROS/build/CMakeFiles/CMakeTmp'
Building C object CMakeFiles/cmTC_150eb.dir/CheckSymbolExists.c.o
/usr/bin/cc    -o CMakeFiles/cmTC_150eb.dir/CheckSymbolExists.c.o   -c /home/lscm/InvestHKRobot_ROS/build/CMakeFiles/CMakeTmp/CheckSymbolExists.c
Linking C executable cmTC_150eb
/usr/bin/cmake -E cmake_link_script CMakeFiles/cmTC_150eb.dir/link.txt --verbose=1
/usr/bin/cc      -rdynamic CMakeFiles/cmTC_150eb.dir/CheckSymbolExists.c.o  -o cmTC_150eb 
CMakeFiles/cmTC_150eb.dir/CheckSymbolExists.c.o: In function `main':
CheckSymbolExists.c:(.text+0x1b): undefined reference to `pthread_create'
collect2: error: ld returned 1 exit status
CMakeFiles/cmTC_150eb.dir/build.make:97: recipe for target 'cmTC_150eb' failed
make[1]: *** [cmTC_150eb] Error 1
make[1]: Leaving directory '/home/lscm/InvestHKRobot_ROS/build/CMakeFiles/CMakeTmp'
Makefile:126: recipe for target 'cmTC_150eb/fast' failed
make: *** [cmTC_150eb/fast] Error 2

File /home/lscm/InvestHKRobot_ROS/build/CMakeFiles/CMakeTmp/CheckSymbolExists.c:
/* */
#include <pthread.h>

int main(int argc, char** argv)
{
  (void)argv;
#ifndef pthread_create
  return ((int*)(&pthread_create))[argc];
#else
  (void)argc;
  return 0;
#endif
}

Determining if the function pthread_create exists in the pthreads failed with the following output:
Change Dir: /home/lscm/InvestHKRobot_ROS/build/CMakeFiles/CMakeTmp

Run Build Command:"/usr/bin/make" "cmTC_faf76/fast"
/usr/bin/make -f CMakeFiles/cmTC_faf76.dir/build.make CMakeFiles/cmTC_faf76.dir/build
make[1]: Entering directory '/home/lscm/InvestHKRobot_ROS/build/CMakeFiles/CMakeTmp'
Building C object CMakeFiles/cmTC_faf76.dir/CheckFunctionExists.c.o
/usr/bin/cc   -DCHECK_FUNCTION_EXISTS=pthread_create   -o CMakeFiles/cmTC_faf76.dir/CheckFunctionExists.c.o   -c /usr/share/cmake-3.10/Modules/CheckFunctionExists.c
Linking C executable cmTC_faf76
/usr/bin/cmake -E cmake_link_script CMakeFiles/cmTC_faf76.dir/link.txt --verbose=1
/usr/bin/cc  -DCHECK_FUNCTION_EXISTS=pthread_create    -rdynamic CMakeFiles/cmTC_faf76.dir/CheckFunctionExists.c.o  -o cmTC_faf76 -lpthreads 
/usr/bin/ld: cannot find -lpthreads
collect2: error: ld returned 1 exit status
CMakeFiles/cmTC_faf76.dir/build.make:97: recipe for target 'cmTC_faf76' failed
make[1]: *** [cmTC_faf76] Error 1
make[1]: Leaving directory '/home/lscm/InvestHKRobot_ROS/build/CMakeFiles/CMakeTmp'
Makefile:126: recipe for target 'cmTC_faf76/fast' failed
make: *** [cmTC_faf76/fast] Error 2


